1534,"This is an exemple 3","00:04:59","00:05:01","00:05","Fail, End > length"
1534,"This is an exemple 4","00:05:01","00:04:01","00:05","Fail, , Start > length"
1534,"This is an exemple 5","00:04:01","00:03:01","00:05","Fail, End < Start"
1534,,"00:03:01","00:04:01","00:05","Missing Subtitle"
1311031,"This is an exemple 3","00:04:59","00:05:01","00:05","Fail, End > length"
1311031,"This is an exemple 4","00:05:01","00:04:01","00:05","Fail, , Start > length"
1311031,"This is an exemple 5","00:04:01","00:03:01","00:05","Fail, End < Start"
1311031,,"00:03:01","00:04:01","00:05","Missing Subtitle"
1534,"This is an exemple 3","00:04:59","00:05:01","00:05","Fail, End > length"
1534,"This is an exemple 4","00:05:01","00:04:01","00:05","Fail, , Start > length"
1534,"This is an exemple 5","00:04:01","00:03:01","00:05","Fail, End < Start"
1534,,"00:03:01","00:04:01","00:05","Missing Subtitle"
1311031,"This is an exemple 3","00:04:59","00:05:01","00:05","Fail, End > length"
1311031,"This is an exemple 4","00:05:01","00:04:01","00:05","Fail, , Start > length"
1311031,"This is an exemple 5","00:04:01","00:03:01","00:05","Fail, End < Start"
1311031,,"00:03:01","00:04:01","00:05","Missing Subtitle"
1534,"This is an exemple 3","00:04:59","00:05:01","00:05","Fail, End > length"
1534,"This is an exemple 4","00:05:01","00:04:01","00:05","Fail, , Start > length"
1534,"This is an exemple 5","00:04:01","00:03:01","00:05","Fail, End < Start"
1534,,"00:03:01","00:04:01","00:05","Missing Subtitle"
1311031,"This is an exemple 3","00:04:59","00:05:01","00:05","Fail, End > length"
1311031,"This is an exemple 4","00:05:01","00:04:01","00:05","Fail, , Start > length"
1311031,"This is an exemple 5","00:04:01","00:03:01","00:05","Fail, End < Start"
1311031,,"00:03:01","00:04:01","00:05","Missing Subtitle"
1534,"This is an exemple 3","00:04:59","00:05:01","00:05","Fail, End > length"
1534,"This is an exemple 4","00:05:01","00:04:01","00:05","Fail, , Start > length"
1534,"This is an exemple 5","00:04:01","00:03:01","00:05","Fail, End < Start"
1534,,"00:03:01","00:04:01","00:05","Missing Subtitle"
1311031,"This is an exemple 3","00:04:59","00:05:01","00:05","Fail, End > length"
1311031,"This is an exemple 4","00:05:01","00:04:01","00:05","Fail, , Start > length"
1311031,"This is an exemple 5","00:04:01","00:03:01","00:05","Fail, End < Start"
1311031,,"00:03:01","00:04:01","00:05","Missing Subtitle"
1534,"This is an exemple 3","00:04:59","00:05:01","00:05","Fail, End > length"
1534,"This is an exemple 4","00:05:01","00:04:01","00:05","Fail, , Start > length"
1534,"This is an exemple 5","00:04:01","00:03:01","00:05","Fail, End < Start"
1534,,"00:03:01","00:04:01","00:05","Missing Subtitle"
1311031,"This is an exemple 3","00:04:59","00:05:01","00:05","Fail, End > length"
1311031,"This is an exemple 4","00:05:01","00:04:01","00:05","Fail, , Start > length"
1311031,"This is an exemple 5","00:04:01","00:03:01","00:05","Fail, End < Start"
1311031,,"00:03:01","00:04:01","00:05","Missing Subtitle"
1534,"This is an exemple 3","00:04:59","00:05:01","00:05","Fail, End > length"
1534,"This is an exemple 4","00:05:01","00:04:01","00:05","Fail, , Start > length"
1534,"This is an exemple 5","00:04:01","00:03:01","00:05","Fail, End < Start"
1534,,"00:03:01","00:04:01","00:05","Missing Subtitle"
1311031,"This is an exemple 3","00:04:59","00:05:01","00:05","Fail, End > length"
1311031,"This is an exemple 4","00:05:01","00:04:01","00:05","Fail, , Start > length"
1311031,"This is an exemple 5","00:04:01","00:03:01","00:05","Fail, End < Start"
1311031,,"00:03:01","00:04:01","00:05","Missing Subtitle"
1534,"This is an exemple 3","00:04:59","00:05:01","00:05","Fail, End > length"
1534,"This is an exemple 4","00:05:01","00:04:01","00:05","Fail, , Start > length"
1534,"This is an exemple 5","00:04:01","00:03:01","00:05","Fail, End < Start"
1534,,"00:03:01","00:04:01","00:05","Missing Subtitle"
1311031,"This is an exemple 3","00:04:59","00:05:01","00:05","Fail, End > length"
1311031,"This is an exemple 4","00:05:01","00:04:01","00:05","Fail, , Start > length"
1311031,"This is an exemple 5","00:04:01","00:03:01","00:05","Fail, End < Start"
1311031,,"00:03:01","00:04:01","00:05","Missing Subtitle"
1534,"This is an exemple 3","00:04:59","00:05:01","00:05","Fail, End > length"
1534,"This is an exemple 4","00:05:01","00:04:01","00:05","Fail, , Start > length"
1534,"This is an exemple 5","00:04:01","00:03:01","00:05","Fail, End < Start"
1534,,"00:03:01","00:04:01","00:05","Missing Subtitle"
1311031,"This is an exemple 3","00:04:59","00:05:01","00:05","Fail, End > length"
1311031,"This is an exemple 4","00:05:01","00:04:01","00:05","Fail, , Start > length"
1311031,"This is an exemple 5","00:04:01","00:03:01","00:05","Fail, End < Start"
1311031,,"00:03:01","00:04:01","00:05","Missing Subtitle"
1534,"This is an exemple 3","00:04:59","00:05:01","00:05","Fail, End > length"
1534,"This is an exemple 4","00:05:01","00:04:01","00:05","Fail, , Start > length"
1534,"This is an exemple 5","00:04:01","00:03:01","00:05","Fail, End < Start"
1534,,"00:03:01","00:04:01","00:05","Missing Subtitle"
1311031,"This is an exemple 3","00:04:59","00:05:01","00:05","Fail, End > length"
1311031,"This is an exemple 4","00:05:01","00:04:01","00:05","Fail, , Start > length"
1311031,"This is an exemple 5","00:04:01","00:03:01","00:05","Fail, End < Start"
1311031,,"00:03:01","00:04:01","00:05","Missing Subtitle"
1534,"This is an exemple 3","00:04:59","00:05:01","00:05","Fail, End > length"
1534,"This is an exemple 4","00:05:01","00:04:01","00:05","Fail, , Start > length"
1534,"This is an exemple 5","00:04:01","00:03:01","00:05","Fail, End < Start"
1534,,"00:03:01","00:04:01","00:05","Missing Subtitle"
1311031,"This is an exemple 3","00:04:59","00:05:01","00:05","Fail, End > length"
1311031,"This is an exemple 4","00:05:01","00:04:01","00:05","Fail, , Start > length"
1311031,"This is an exemple 5","00:04:01","00:03:01","00:05","Fail, End < Start"
1311031,,"00:03:01","00:04:01","00:05","Missing Subtitle"
1534,"This is an exemple 3","00:04:59","00:05:01","00:05","Fail, End > length"
1534,"This is an exemple 4","00:05:01","00:04:01","00:05","Fail, , Start > length"
1534,"This is an exemple 5","00:04:01","00:03:01","00:05","Fail, End < Start"
1534,,"00:03:01","00:04:01","00:05","Missing Subtitle"
1311031,"This is an exemple 3","00:04:59","00:05:01","00:05","Fail, End > length"
1311031,"This is an exemple 4","00:05:01","00:04:01","00:05","Fail, , Start > length"
1311031,"This is an exemple 5","00:04:01","00:03:01","00:05","Fail, End < Start"
1311031,,"00:03:01","00:04:01","00:05","Missing Subtitle"
1534,"This is an exemple 3","00:04:59","00:05:01","00:05","Fail, End > length"
1534,"This is an exemple 4","00:05:01","00:04:01","00:05","Fail, , Start > length"
1534,"This is an exemple 5","00:04:01","00:03:01","00:05","Fail, End < Start"
1534,,"00:03:01","00:04:01","00:05","Missing Subtitle"
1311031,"This is an exemple 3","00:04:59","00:05:01","00:05","Fail, End > length"
1311031,"This is an exemple 4","00:05:01","00:04:01","00:05","Fail, , Start > length"
1311031,"This is an exemple 5","00:04:01","00:03:01","00:05","Fail, End < Start"
1311031,,"00:03:01","00:04:01","00:05","Missing Subtitle"
"2025-10-15T01:41:52.96",1534,"00:05","00:04:59","00:05:01","This is an exemple 3","Fail, End > length"
"2025-10-15T01:41:52.96",1534,"00:05","00:05:01","00:04:01","This is an exemple 4","Fail, , Start > length"
"2025-10-15T01:41:52.96",1534,"00:05","00:04:01","00:03:01","This is an exemple 5","Fail, End < Start"
"2025-10-15T01:41:52.96",1534,"00:05","00:03:01","00:04:01",,"Missing Subtitle"
"2025-10-15T01:41:52.96",1311031,"00:05","00:04:59","00:05:01","This is an exemple 3","Fail, End > length"
"2025-10-15T01:41:52.96",1311031,"00:05","00:05:01","00:04:01","This is an exemple 4","Fail, , Start > length"
"2025-10-15T01:41:52.96",1311031,"00:05","00:04:01","00:03:01","This is an exemple 5","Fail, End < Start"
"2025-10-15T01:41:52.96",1311031,"00:05","00:03:01","00:04:01",,"Missing Subtitle"
"2025-10-15T01:42:37.662",1534,"00:05","00:04:59","00:05:01","This is an exemple 3","Fail, End > length"
"2025-10-15T01:42:37.662",1534,"00:05","00:05:01","00:04:01","This is an exemple 4","Fail, , Start > length"
"2025-10-15T01:42:37.662",1534,"00:05","00:04:01","00:03:01","This is an exemple 5","Fail, End < Start"
"2025-10-15T01:42:37.662",1534,"00:05","00:03:01","00:04:01",,"Missing Subtitle"
"2025-10-15T01:42:37.662",1311031,"00:05","00:04:59","00:05:01","This is an exemple 3","Fail, End > length"
"2025-10-15T01:42:37.662",1311031,"00:05","00:05:01","00:04:01","This is an exemple 4","Fail, , Start > length"
"2025-10-15T01:42:37.662",1311031,"00:05","00:04:01","00:03:01","This is an exemple 5","Fail, End < Start"
"2025-10-15T01:42:37.662",1311031,"00:05","00:03:01","00:04:01",,"Missing Subtitle"
"2025-10-15T01:54:27.179",1534,"00:05","00:04:59","00:05:01","This is an exemple 3","Fail, End > length"
"2025-10-15T01:54:27.179",1534,"00:05","00:05:01","00:04:01","This is an exemple 4","Fail, , Start > length"
"2025-10-15T01:54:27.179",1534,"00:05","00:04:01","00:03:01","This is an exemple 5","Fail, End < Start"
"2025-10-15T01:54:27.179",1534,"00:05","00:03:01","00:04:01",,"Missing Subtitle"
"2025-10-15T01:55:00.345",1534,"00:05","00:04:59","00:05:01","This is an exemple 3","Fail, End > length"
"2025-10-15T01:55:00.345",1534,"00:05","00:05:01","00:04:01","This is an exemple 4","Fail, , Start > length"
"2025-10-15T01:55:00.345",1534,"00:05","00:04:01","00:03:01","This is an exemple 5","Fail, End < Start"
"2025-10-15T01:55:00.345",1534,"00:05","00:03:01","00:04:01",,"Missing Subtitle"
"2025-10-15T01:55:00.345",1311031,"00:05","00:04:59","00:05:01","This is an exemple 3","Fail, End > length"
"2025-10-15T01:55:00.345",1311031,"00:05","00:05:01","00:04:01","This is an exemple 4","Fail, , Start > length"
"2025-10-15T01:55:00.345",1311031,"00:05","00:04:01","00:03:01","This is an exemple 5","Fail, End < Start"
"2025-10-15T01:55:00.345",1311031,"00:05","00:03:01","00:04:01",,"Missing Subtitle"
"2025-10-15T01:56:39.299",1534,"00:05","00:04:59","00:05:01","This is an exemple 3","Fail, End > length"
"2025-10-15T01:56:39.299",1534,"00:05","00:05:01","00:04:01","This is an exemple 4","Fail, , Start > length"
"2025-10-15T01:56:39.299",1534,"00:05","00:04:01","00:03:01","This is an exemple 5","Fail, End < Start"
"2025-10-15T01:56:39.299",1534,"00:05","00:03:01","00:04:01",,"Missing Subtitle"
"2025-10-15T01:56:39.299",1311031,"00:05","00:04:59","00:05:01","This is an exemple 3","Fail, End > length"
"2025-10-15T01:56:39.299",1311031,"00:05","00:05:01","00:04:01","This is an exemple 4","Fail, , Start > length"
"2025-10-15T01:56:39.299",1311031,"00:05","00:04:01","00:03:01","This is an exemple 5","Fail, End < Start"
"2025-10-15T01:56:39.299",1311031,"00:05","00:03:01","00:04:01",,"Missing Subtitle"
"2025-10-15T01:59:19.164",1534,"00:05","00:04:59","00:05:01","This is an exemple 3","Fail, End > length"
"2025-10-15T01:59:19.164",1534,"00:05","00:05:01","00:04:01","This is an exemple 4","Fail, , Start > length"
"2025-10-15T01:59:19.164",1534,"00:05","00:04:01","00:03:01","This is an exemple 5","Fail, End < Start"
"2025-10-15T01:59:19.164",1534,"00:05","00:03:01","00:04:01",,"Missing Subtitle"
"2025-10-15T01:59:19.164",1311031,"00:05","00:04:59","00:05:01","This is an exemple 3","Fail, End > length"
"2025-10-15T01:59:19.164",1311031,"00:05","00:05:01","00:04:01","This is an exemple 4","Fail, , Start > length"
"2025-10-15T01:59:19.164",1311031,"00:05","00:04:01","00:03:01","This is an exemple 5","Fail, End < Start"
"2025-10-15T01:59:19.164",1311031,"00:05","00:03:01","00:04:01",,"Missing Subtitle"
"2025-10-15T01:59:19.164",755898,"00:05","00:04:59","00:05:01","This is an exemple 3","Fail, End > length"
"2025-10-15T01:59:19.164",755898,"00:05","00:05:01","00:04:01","This is an exemple 4","Fail, , Start > length"
"2025-10-15T01:59:19.164",755898,"00:05","00:04:01","00:03:01","This is an exemple 5","Fail, End < Start"
"2025-10-15T01:59:19.164",755898,"00:05","00:03:01","00:04:01",,"Missing Subtitle"
"2025-10-15T02:01:14.454",1534,"00:05","00:04:59","00:05:01","This is an exemple 3","Fail, End > length"
"2025-10-15T02:01:14.454",1534,"00:05","00:05:01","00:04:01","This is an exemple 4","Fail, , Start > length"
"2025-10-15T02:01:14.454",1534,"00:05","00:04:01","00:03:01","This is an exemple 5","Fail, End < Start"
"2025-10-15T02:01:14.454",1534,"00:05","00:03:01","00:04:01",,"Missing Subtitle"
"2025-10-15T02:01:14.454",1311031,"00:05","00:04:59","00:05:01","This is an exemple 3","Fail, End > length"
"2025-10-15T02:01:14.454",1311031,"00:05","00:05:01","00:04:01","This is an exemple 4","Fail, , Start > length"
"2025-10-15T02:01:14.454",1311031,"00:05","00:04:01","00:03:01","This is an exemple 5","Fail, End < Start"
"2025-10-15T02:01:14.454",1311031,"00:05","00:03:01","00:04:01",,"Missing Subtitle"
"2025-10-15T02:01:14.454",755898,"00:05","00:04:59","00:05:01","This is an exemple 3","Fail, End > length"
"2025-10-15T02:01:14.454",755898,"00:05","00:05:01","00:04:01","This is an exemple 4","Fail, , Start > length"
"2025-10-15T02:01:14.454",755898,"00:05","00:04:01","00:03:01","This is an exemple 5","Fail, End < Start"
"2025-10-15T02:01:14.454",755898,"00:05","00:03:01","00:04:01",,"Missing Subtitle"
"2025-10-15T02:01:58.462",1534,"00:05","00:04:59","00:05:01","This is an exemple 3","Fail, End > length"
"2025-10-15T02:01:58.462",1534,"00:05","00:05:01","00:04:01","This is an exemple 4","Fail, , Start > length"
"2025-10-15T02:01:58.462",1534,"00:05","00:04:01","00:03:01","This is an exemple 5","Fail, End < Start"
"2025-10-15T02:01:58.462",1534,"00:05","00:03:01","00:04:01",,"Missing Subtitle"
"2025-10-15T02:01:58.462",1311031,"00:05","00:04:59","00:05:01","This is an exemple 3","Fail, End > length"
"2025-10-15T02:01:58.462",1311031,"00:05","00:05:01","00:04:01","This is an exemple 4","Fail, , Start > length"
"2025-10-15T02:01:58.462",1311031,"00:05","00:04:01","00:03:01","This is an exemple 5","Fail, End < Start"
"2025-10-15T02:01:58.462",1311031,"00:05","00:03:01","00:04:01",,"Missing Subtitle"
"2025-10-15T02:01:58.462",755898,"00:05","00:04:59","00:05:01","This is an exemple 3","Fail, End > length"
"2025-10-15T02:01:58.462",755898,"00:05","00:05:01","00:04:01","This is an exemple 4","Fail, , Start > length"
"2025-10-15T02:01:58.462",755898,"00:05","00:04:01","00:03:01","This is an exemple 5","Fail, End < Start"
"2025-10-15T02:01:58.462",755898,"00:05","00:03:01","00:04:01",,"Missing Subtitle"
"2025-10-15T02:09:43.207",1534,"00:05","00:04:59","00:05:01","This is an exemple 3","Fail, End > length"
"2025-10-15T02:09:43.207",1534,"00:05","00:05:01","00:04:01","This is an exemple 4","Fail, , Start > length"
"2025-10-15T02:09:43.207",1534,"00:05","00:04:01","00:03:01","This is an exemple 5","Fail, End < Start"
"2025-10-15T02:09:43.207",1534,"00:05","00:03:01","00:04:01",,"Missing Subtitle"
"2025-10-15T02:09:43.207",1311031,"00:05","00:04:59","00:05:01","This is an exemple 3","Fail, End > length"
"2025-10-15T02:09:43.207",1311031,"00:05","00:05:01","00:04:01","This is an exemple 4","Fail, , Start > length"
"2025-10-15T02:09:43.207",1311031,"00:05","00:04:01","00:03:01","This is an exemple 5","Fail, End < Start"
"2025-10-15T02:09:43.207",1311031,"00:05","00:03:01","00:04:01",,"Missing Subtitle"
"2025-10-15T02:09:43.207",755898,"00:05","00:04:59","00:05:01","This is an exemple 3","Fail, End > length"
"2025-10-15T02:09:43.207",755898,"00:05","00:05:01","00:04:01","This is an exemple 4","Fail, , Start > length"
"2025-10-15T02:09:43.207",755898,"00:05","00:04:01","00:03:01","This is an exemple 5","Fail, End < Start"
"2025-10-15T02:09:43.207",755898,"00:05","00:03:01","00:04:01",,"Missing Subtitle"
"2025-10-15T02:10:24.986",1534,"00:05","00:04:59","00:05:01","This is an exemple 3","Fail, End > length"
"2025-10-15T02:10:24.986",1534,"00:05","00:05:01","00:04:01","This is an exemple 4","Fail, , Start > length"
"2025-10-15T02:10:24.986",1534,"00:05","00:04:01","00:03:01","This is an exemple 5","Fail, End < Start"
"2025-10-15T02:10:24.986",1534,"00:05","00:03:01","00:04:01",,"Missing Subtitle"
"2025-10-15T02:12:13.567",1534,"00:05","00:04:59","00:05:01","This is an exemple 3","Fail, End > length"
"2025-10-15T02:12:13.567",1534,"00:05","00:05:01","00:04:01","This is an exemple 4","Fail, , Start > length"
"2025-10-15T02:12:13.567",1534,"00:05","00:04:01","00:03:01","This is an exemple 5","Fail, End < Start"
"2025-10-15T02:12:13.567",1534,"00:05","00:03:01","00:04:01",,"Missing Subtitle"
"2025-10-15T02:12:13.567",1311031,"00:05","00:04:59","00:05:01","This is an exemple 3","Fail, End > length"
"2025-10-15T02:12:13.567",1311031,"00:05","00:05:01","00:04:01","This is an exemple 4","Fail, , Start > length"
"2025-10-15T02:12:13.567",1311031,"00:05","00:04:01","00:03:01","This is an exemple 5","Fail, End < Start"
"2025-10-15T02:12:13.567",1311031,"00:05","00:03:01","00:04:01",,"Missing Subtitle"
"2025-10-15T02:12:13.567",755898,"00:05","00:04:59","00:05:01","This is an exemple 3","Fail, End > length"
"2025-10-15T02:12:13.567",755898,"00:05","00:05:01","00:04:01","This is an exemple 4","Fail, , Start > length"
"2025-10-15T02:12:13.567",755898,"00:05","00:04:01","00:03:01","This is an exemple 5","Fail, End < Start"
"2025-10-15T02:12:13.567",755898,"00:05","00:03:01","00:04:01",,"Missing Subtitle"
"2025-10-15T02:13:27.695",1534,"00:05","00:04:59","00:05:01","This is an exemple 3","Fail, End > length"
"2025-10-15T02:13:27.695",1534,"00:05","00:05:01","00:04:01","This is an exemple 4","Fail, , Start > length"
"2025-10-15T02:13:27.695",1534,"00:05","00:04:01","00:03:01","This is an exemple 5","Fail, End < Start"
"2025-10-15T02:13:27.695",1534,"00:05","00:03:01","00:04:01",,"Missing Subtitle"
"2025-10-15T02:13:27.695",1311031,"00:05","00:04:59","00:05:01","This is an exemple 3","Fail, End > length"
"2025-10-15T02:13:27.695",1311031,"00:05","00:05:01","00:04:01","This is an exemple 4","Fail, , Start > length"
"2025-10-15T02:13:27.695",1311031,"00:05","00:04:01","00:03:01","This is an exemple 5","Fail, End < Start"
"2025-10-15T02:13:27.695",1311031,"00:05","00:03:01","00:04:01",,"Missing Subtitle"
"2025-10-15T02:13:27.695",755898,"00:05","00:04:59","00:05:01","This is an exemple 3","Fail, End > length"
"2025-10-15T02:13:27.695",755898,"00:05","00:05:01","00:04:01","This is an exemple 4","Fail, , Start > length"
"2025-10-15T02:13:27.695",755898,"00:05","00:04:01","00:03:01","This is an exemple 5","Fail, End < Start"
"2025-10-15T02:13:27.695",755898,"00:05","00:03:01","00:04:01",,"Missing Subtitle"
"2025-10-15T02:14:22.97",1534,"00:05","00:04:59","00:05:01","This is an exemple 3","Fail, End > length"
"2025-10-15T02:14:22.97",1534,"00:05","00:05:01","00:04:01","This is an exemple 4","Fail, , Start > length"
"2025-10-15T02:14:22.97",1534,"00:05","00:04:01","00:03:01","This is an exemple 5","Fail, End < Start"
"2025-10-15T02:14:22.97",1534,"00:05","00:03:01","00:04:01",,"Missing Subtitle"
"2025-10-15T02:14:22.97",1311031,"00:05","00:04:59","00:05:01","This is an exemple 3","Fail, End > length"
"2025-10-15T02:14:22.97",1311031,"00:05","00:05:01","00:04:01","This is an exemple 4","Fail, , Start > length"
"2025-10-15T02:14:22.97",1311031,"00:05","00:04:01","00:03:01","This is an exemple 5","Fail, End < Start"
"2025-10-15T02:14:22.97",1311031,"00:05","00:03:01","00:04:01",,"Missing Subtitle"
"2025-10-15T02:14:22.97",755898,"00:05","00:04:59","00:05:01","This is an exemple 3","Fail, End > length"
"2025-10-15T02:14:22.97",755898,"00:05","00:05:01","00:04:01","This is an exemple 4","Fail, , Start > length"
"2025-10-15T02:14:22.97",755898,"00:05","00:04:01","00:03:01","This is an exemple 5","Fail, End < Start"
"2025-10-15T02:14:22.97",755898,"00:05","00:03:01","00:04:01",,"Missing Subtitle"
"2025-10-15T02:16:46.749",1534,"00:05","00:04:59","00:05:01","This is an exemple 3","Fail, End > length"
"2025-10-15T02:16:46.749",1534,"00:05","00:05:01","00:04:01","This is an exemple 4","Fail, , Start > length"
"2025-10-15T02:16:46.749",1534,"00:05","00:04:01","00:03:01","This is an exemple 5","Fail, End < Start"
"2025-10-15T02:16:46.749",1534,"00:05","00:03:01","00:04:01",,"Missing Subtitle"
"2025-10-15T02:16:46.749",1311031,"00:05","00:04:59","00:05:01","This is an exemple 3","Fail, End > length"
"2025-10-15T02:16:46.749",1311031,"00:05","00:05:01","00:04:01","This is an exemple 4","Fail, , Start > length"
"2025-10-15T02:16:46.749",1311031,"00:05","00:04:01","00:03:01","This is an exemple 5","Fail, End < Start"
"2025-10-15T02:16:46.749",1311031,"00:05","00:03:01","00:04:01",,"Missing Subtitle"
"2025-10-15T02:16:46.749",755898,"00:05","00:04:59","00:05:01","This is an exemple 3","Fail, End > length"
"2025-10-15T02:16:46.749",755898,"00:05","00:05:01","00:04:01","This is an exemple 4","Fail, , Start > length"
"2025-10-15T02:16:46.749",755898,"00:05","00:04:01","00:03:01","This is an exemple 5","Fail, End < Start"
"2025-10-15T02:16:46.749",755898,"00:05","00:03:01","00:04:01",,"Missing Subtitle"
"2025-10-15T02:18:44.844",1534,"00:05","00:04:59","00:05:01","This is an exemple 3","Fail, End > length"
"2025-10-15T02:18:44.844",1534,"00:05","00:05:01","00:04:01","This is an exemple 4","Fail, , Start > length"
"2025-10-15T02:18:44.844",1534,"00:05","00:04:01","00:03:01","This is an exemple 5","Fail, End < Start"
"2025-10-15T02:18:44.844",1534,"00:05","00:03:01","00:04:01",,"Missing Subtitle"
"2025-10-15T02:18:44.844",1311031,"00:05","00:04:59","00:05:01","This is an exemple 3","Fail, End > length"
"2025-10-15T02:18:44.844",1311031,"00:05","00:05:01","00:04:01","This is an exemple 4","Fail, , Start > length"
"2025-10-15T02:18:44.844",1311031,"00:05","00:04:01","00:03:01","This is an exemple 5","Fail, End < Start"
"2025-10-15T02:18:44.844",1311031,"00:05","00:03:01","00:04:01",,"Missing Subtitle"
"2025-10-15T02:18:44.844",755898,"00:05","00:04:59","00:05:01","This is an exemple 3","Fail, End > length"
"2025-10-15T02:18:44.844",755898,"00:05","00:05:01","00:04:01","This is an exemple 4","Fail, , Start > length"
"2025-10-15T02:18:44.844",755898,"00:05","00:04:01","00:03:01","This is an exemple 5","Fail, End < Start"
"2025-10-15T02:18:44.844",755898,"00:05","00:03:01","00:04:01",,"Missing Subtitle"
"2025-10-15T02:25:31.442",1534,"00:05","00:04:59","00:05:01","This is an exemple 3","Fail, End > length"
"2025-10-15T02:25:31.442",1534,"00:05","00:05:01","00:04:01","This is an exemple 4","Fail, , Start > length"
"2025-10-15T02:25:31.442",1534,"00:05","00:04:01","00:03:01","This is an exemple 5","Fail, End < Start"
"2025-10-15T02:25:31.442",1534,"00:05","00:03:01","00:04:01",,"Missing Subtitle"
"2025-10-15T02:25:31.442",1311031,"00:05","00:04:59","00:05:01","This is an exemple 3","Fail, End > length"
"2025-10-15T02:25:31.442",1311031,"00:05","00:05:01","00:04:01","This is an exemple 4","Fail, , Start > length"
"2025-10-15T02:25:31.442",1311031,"00:05","00:04:01","00:03:01","This is an exemple 5","Fail, End < Start"
"2025-10-15T02:25:31.442",1311031,"00:05","00:03:01","00:04:01",,"Missing Subtitle"
"2025-10-15T02:25:31.442",755898,"00:05","00:04:59","00:05:01","This is an exemple 3","Fail, End > length"
"2025-10-15T02:25:31.442",755898,"00:05","00:05:01","00:04:01","This is an exemple 4","Fail, , Start > length"
"2025-10-15T02:25:31.442",755898,"00:05","00:04:01","00:03:01","This is an exemple 5","Fail, End < Start"
"2025-10-15T02:25:31.442",755898,"00:05","00:03:01","00:04:01",,"Missing Subtitle"
"2025-10-15T02:26:30.944",1534,"00:05","00:04:59","00:05:01","This is an exemple 3","Fail, End > length"
"2025-10-15T02:26:30.944",1534,"00:05","00:05:01","00:04:01","This is an exemple 4","Fail, , Start > length"
"2025-10-15T02:26:30.944",1534,"00:05","00:04:01","00:03:01","This is an exemple 5","Fail, End < Start"
"2025-10-15T02:26:30.944",1534,"00:05","00:03:01","00:04:01",,"Missing Subtitle"
"2025-10-15T02:26:30.944",1311031,"00:05","00:04:59","00:05:01","This is an exemple 3","Fail, End > length"
"2025-10-15T02:26:30.944",1311031,"00:05","00:05:01","00:04:01","This is an exemple 4","Fail, , Start > length"
"2025-10-15T02:26:30.944",1311031,"00:05","00:04:01","00:03:01","This is an exemple 5","Fail, End < Start"
"2025-10-15T02:26:30.944",1311031,"00:05","00:03:01","00:04:01",,"Missing Subtitle"
"2025-10-15T02:26:30.944",755898,"00:05","00:04:59","00:05:01","This is an exemple 3","Fail, End > length"
"2025-10-15T02:26:30.944",755898,"00:05","00:05:01","00:04:01","This is an exemple 4","Fail, , Start > length"
"2025-10-15T02:26:30.944",755898,"00:05","00:04:01","00:03:01","This is an exemple 5","Fail, End < Start"
"2025-10-15T02:26:30.944",755898,"00:05","00:03:01","00:04:01",,"Missing Subtitle"
"2025-10-15T02:37:31.8",1534,"00:05","00:04:59","00:05:01","This is an exemple 3","Fail, End > length"
"2025-10-15T02:37:31.8",1534,"00:05","00:05:01","00:04:01","This is an exemple 4","Fail, , Start > length"
"2025-10-15T02:37:31.8",1534,"00:05","00:04:01","00:03:01","This is an exemple 5","Fail, End < Start"
"2025-10-15T02:37:31.8",1534,"00:05","00:03:01","00:04:01",,"Missing Subtitle"
"2025-10-15T02:37:31.8",1311031,"00:05","00:04:59","00:05:01","This is an exemple 3","Fail, End > length"
"2025-10-15T02:37:31.8",1311031,"00:05","00:05:01","00:04:01","This is an exemple 4","Fail, , Start > length"
"2025-10-15T02:37:31.8",1311031,"00:05","00:04:01","00:03:01","This is an exemple 5","Fail, End < Start"
"2025-10-15T02:37:31.8",1311031,"00:05","00:03:01","00:04:01",,"Missing Subtitle"
"2025-10-15T02:37:31.8",755898,"00:05","00:04:59","00:05:01","This is an exemple 3","Fail, End > length"
"2025-10-15T02:37:31.8",755898,"00:05","00:05:01","00:04:01","This is an exemple 4","Fail, , Start > length"
"2025-10-15T02:37:31.8",755898,"00:05","00:04:01","00:03:01","This is an exemple 5","Fail, End < Start"
"2025-10-15T02:37:31.8",755898,"00:05","00:03:01","00:04:01",,"Missing Subtitle"
"2025-10-15T02:49:13.55",1534,"00:05","00:04:59","00:05:01","This is an exemple 3","Fail, End > length","1534"
"2025-10-15T02:49:13.55",1534,"00:05","00:05:01","00:04:01","This is an exemple 4","Fail, , Start > length","1534"
"2025-10-15T02:49:13.55",1534,"00:05","00:04:01","00:03:01","This is an exemple 5","Fail, End < Start","1534"
"2025-10-15T02:49:13.55",1534,"00:05","00:03:01","00:04:01",,"Missing Subtitle","1534"
"2025-10-15T02:49:13.55",1311031,"00:05","00:04:59","00:05:01","This is an exemple 3","Fail, End > length","1534"
"2025-10-15T02:49:13.55",1311031,"00:05","00:05:01","00:04:01","This is an exemple 4","Fail, , Start > length","1534"
"2025-10-15T02:49:13.55",1311031,"00:05","00:04:01","00:03:01","This is an exemple 5","Fail, End < Start","1534"
"2025-10-15T02:49:13.55",1311031,"00:05","00:03:01","00:04:01",,"Missing Subtitle","1534"
"2025-10-15T02:49:13.55",755898,"00:05","00:04:59","00:05:01","This is an exemple 3","Fail, End > length","1534"
"2025-10-15T02:49:13.55",755898,"00:05","00:05:01","00:04:01","This is an exemple 4","Fail, , Start > length","1534"
"2025-10-15T02:49:13.55",755898,"00:05","00:04:01","00:03:01","This is an exemple 5","Fail, End < Start","1534"
"2025-10-15T02:49:13.55",755898,"00:05","00:03:01","00:04:01",,"Missing Subtitle","1534"
"2025-10-15T02:57:32.017","1534","00:05","00:04:59","00:05:01","This is an exemple 3","Fail, End > length"
"2025-10-15T02:57:32.017","1534","00:05","00:05:01","00:04:01","This is an exemple 4","Fail, , Start > length"
"2025-10-15T02:57:32.017","1534","00:05","00:04:01","00:03:01","This is an exemple 5","Fail, End < Start"
"2025-10-15T02:57:32.017","1534","00:05","00:03:01","00:04:01",,"Missing Subtitle"
